<?xml version="1.0" encoding="utf-8"?><testsuites name="pytest tests"><testsuite name="pytest" errors="40" failures="2" skipped="0" tests="67" time="10.031" timestamp="2026-05-16T13:17:13.035137+00:00" hostname="agent-env-139ee09d-acc7-486c-91e4-68f21e4c3102"><testcase classname="backend.tests.backend_test" name="test_root" time="0.208"><error message="failed on setup with &quot;assert 401 == 200&#10; +  where 401 = &lt;Response [401]&gt;.status_code&quot;">E   assert 401 == 200
     +  where 401 = &lt;Response [401]&gt;.status_code</error></testcase><testcase classname="backend.tests.backend_test" name="test_list_seed_servers" time="0.000"><error message="failed on setup with &quot;assert 401 == 200&#10; +  where 401 = &lt;Response [401]&gt;.status_code&quot;">E   assert 401 == 200
     +  where 401 = &lt;Response [401]&gt;.status_code</error></testcase><testcase classname="backend.tests.backend_test" name="test_get_server_single" time="0.000"><error message="failed on setup with &quot;assert 401 == 200&#10; +  where 401 = &lt;Response [401]&gt;.status_code&quot;">E   assert 401 == 200
     +  where 401 = &lt;Response [401]&gt;.status_code</error></testcase><testcase classname="backend.tests.backend_test" name="test_get_server_404" time="0.000"><error message="failed on setup with &quot;assert 401 == 200&#10; +  where 401 = &lt;Response [401]&gt;.status_code&quot;">E   assert 401 == 200
     +  where 401 = &lt;Response [401]&gt;.status_code</error></testcase><testcase classname="backend.tests.backend_test" name="test_create_update_delete_server" time="0.000"><error message="failed on setup with &quot;assert 401 == 200&#10; +  where 401 = &lt;Response [401]&gt;.status_code&quot;">E   assert 401 == 200
     +  where 401 = &lt;Response [401]&gt;.status_code</error></testcase><testcase classname="backend.tests.backend_test" name="test_save_license_parses_features" time="0.000"><error message="failed on setup with &quot;assert 401 == 200&#10; +  where 401 = &lt;Response [401]&gt;.status_code&quot;">E   assert 401 == 200
     +  where 401 = &lt;Response [401]&gt;.status_code</error></testcase><testcase classname="backend.tests.backend_test" name="test_save_options" time="0.000"><error message="failed on setup with &quot;assert 401 == 200&#10; +  where 401 = &lt;Response [401]&gt;.status_code&quot;">E   assert 401 == 200
     +  where 401 = &lt;Response [401]&gt;.status_code</error></testcase><testcase classname="backend.tests.backend_test" name="test_reread_restart_toggle" time="0.000"><error message="failed on setup with &quot;assert 401 == 200&#10; +  where 401 = &lt;Response [401]&gt;.status_code&quot;">E   assert 401 == 200
     +  where 401 = &lt;Response [401]&gt;.status_code</error></testcase><testcase classname="backend.tests.backend_test" name="test_checkouts_when_up" time="0.000"><error message="failed on setup with &quot;assert 401 == 200&#10; +  where 401 = &lt;Response [401]&gt;.status_code&quot;">E   assert 401 == 200
     +  where 401 = &lt;Response [401]&gt;.status_code</error></testcase><testcase classname="backend.tests.backend_test" name="test_all_checkouts" time="0.000"><error message="failed on setup with &quot;assert 401 == 200&#10; +  where 401 = &lt;Response [401]&gt;.status_code&quot;">E   assert 401 == 200
     +  where 401 = &lt;Response [401]&gt;.status_code</error></testcase><testcase classname="backend.tests.backend_test" name="test_reservation_crud" time="0.000"><error message="failed on setup with &quot;assert 401 == 200&#10; +  where 401 = &lt;Response [401]&gt;.status_code&quot;">E   assert 401 == 200
     +  where 401 = &lt;Response [401]&gt;.status_code</error></testcase><testcase classname="backend.tests.backend_test" name="test_audit_sorted" time="0.000"><error message="failed on setup with &quot;assert 401 == 200&#10; +  where 401 = &lt;Response [401]&gt;.status_code&quot;">E   assert 401 == 200
     +  where 401 = &lt;Response [401]&gt;.status_code</error></testcase><testcase classname="backend.tests.backend_test" name="test_stats" time="0.000"><error message="failed on setup with &quot;assert 401 == 200&#10; +  where 401 = &lt;Response [401]&gt;.status_code&quot;">E   assert 401 == 200
     +  where 401 = &lt;Response [401]&gt;.status_code</error></testcase><testcase classname="backend.tests.test_iteration3" name="test_create_server_accepts_arbitrary_vendor[xilinx]" time="0.164"><error message="failed on setup with &quot;assert 401 == 200&#10; +  where 401 = &lt;Response [401]&gt;.status_code&quot;">E   assert 401 == 200
     +  where 401 = &lt;Response [401]&gt;.status_code</error></testcase><testcase classname="backend.tests.test_iteration3" name="test_create_server_accepts_arbitrary_vendor[defacto]" time="0.000"><error message="failed on setup with &quot;assert 401 == 200&#10; +  where 401 = &lt;Response [401]&gt;.status_code&quot;">E   assert 401 == 200
     +  where 401 = &lt;Response [401]&gt;.status_code</error></testcase><testcase classname="backend.tests.test_iteration3" name="test_create_server_accepts_arbitrary_vendor[custom-anything]" time="0.000"><error message="failed on setup with &quot;assert 401 == 200&#10; +  where 401 = &lt;Response [401]&gt;.status_code&quot;">E   assert 401 == 200
     +  where 401 = &lt;Response [401]&gt;.status_code</error></testcase><testcase classname="backend.tests.test_iteration3" name="test_create_server_accepts_arbitrary_vendor[altium]" time="0.000"><error message="failed on setup with &quot;assert 401 == 200&#10; +  where 401 = &lt;Response [401]&gt;.status_code&quot;">E   assert 401 == 200
     +  where 401 = &lt;Response [401]&gt;.status_code</error></testcase><testcase classname="backend.tests.test_iteration3" name="test_create_server_accepts_arbitrary_vendor[TEST_vendor_NEW]" time="0.000"><error message="failed on setup with &quot;assert 401 == 200&#10; +  where 401 = &lt;Response [401]&gt;.status_code&quot;">E   assert 401 == 200
     +  where 401 = &lt;Response [401]&gt;.status_code</error></testcase><testcase classname="backend.tests.test_iteration3" name="test_seed_reset_creates_new_hosts" time="0.000"><error message="failed on setup with &quot;assert 401 == 200&#10; +  where 401 = &lt;Response [401]&gt;.status_code&quot;">E   assert 401 == 200
     +  where 401 = &lt;Response [401]&gt;.status_code</error></testcase><testcase classname="backend.tests.test_iteration3" name="test_ssh_test_returns_mocked_flag" time="0.000"><error message="failed on setup with &quot;assert 401 == 200&#10; +  where 401 = &lt;Response [401]&gt;.status_code&quot;">E   assert 401 == 200
     +  where 401 = &lt;Response [401]&gt;.status_code</error></testcase><testcase classname="backend.tests.test_iteration3" name="test_put_adapter_for_custom_vendor" time="0.000"><error message="failed on setup with &quot;assert 401 == 200&#10; +  where 401 = &lt;Response [401]&gt;.status_code&quot;">E   assert 401 == 200
     +  where 401 = &lt;Response [401]&gt;.status_code</error></testcase><testcase classname="backend.tests.test_iteration3" name="test_expiry_includes_custom_vendors" time="0.000"><error message="failed on setup with &quot;assert 401 == 200&#10; +  where 401 = &lt;Response [401]&gt;.status_code&quot;">E   assert 401 == 200
     +  where 401 = &lt;Response [401]&gt;.status_code</error></testcase><testcase classname="backend.tests.test_iteration3" name="test_checkouts_endpoint_works_with_seeded_vendors" time="0.000"><error message="failed on setup with &quot;assert 401 == 200&#10; +  where 401 = &lt;Response [401]&gt;.status_code&quot;">E   assert 401 == 200
     +  where 401 = &lt;Response [401]&gt;.status_code</error></testcase><testcase classname="backend.tests.test_iteration3" name="test_paramiko_path_does_not_500" time="0.000"><error message="failed on setup with &quot;assert 401 == 200&#10; +  where 401 = &lt;Response [401]&gt;.status_code&quot;">E   assert 401 == 200
     +  where 401 = &lt;Response [401]&gt;.status_code</error></testcase><testcase classname="backend.tests.test_iteration4_auth.TestPublic" name="test_root_is_public" time="0.162" /><testcase classname="backend.tests.test_iteration4_auth.TestPublic" name="test_setup_status_public_and_false" time="0.164" /><testcase classname="backend.tests.test_iteration4_auth.TestPublic" name="test_protected_returns_401_without_auth" time="0.635" /><testcase classname="backend.tests.test_iteration4_auth.TestAuthFlow" name="test_setup_blocked_when_users_exist" time="0.189" /><testcase classname="backend.tests.test_iteration4_auth.TestAuthFlow" name="test_login_invalid_creds" time="0.384" /><testcase classname="backend.tests.test_iteration4_auth.TestAuthFlow" name="test_login_success_sets_cookies" time="0.485" /><testcase classname="backend.tests.test_iteration4_auth.TestAuthFlow" name="test_refresh_extends_access" time="0.200" /><testcase classname="backend.tests.test_iteration4_auth.TestAuthFlow" name="test_refresh_requires_cookie" time="0.159" /><testcase classname="backend.tests.test_iteration4_auth.TestAuthFlow" name="test_logout_clears_cookies" time="0.539" /><testcase classname="backend.tests.test_iteration4_auth.TestAuthFlow" name="test_brute_force_lockout" time="3.259"><failure message="AssertionError: expected lockout, got [401, 401, 401, 401, 401, 401, 401]&#10;assert 0 &gt;= 1&#10; +  where 0 = &lt;built-in method count of list object at 0xf9345d3bfd80&gt;(429)&#10; +    where &lt;built-in method count of list object at 0xf9345d3bfd80&gt; = [401, 401, 401, 401, 401, 401, ...].count">E   AssertionError: expected lockout, got [401, 401, 401, 401, 401, 401, 401]
    assert 0 &gt;= 1
     +  where 0 = &lt;built-in method count of list object at 0xf9345d3bfd80&gt;(429)
     +    where &lt;built-in method count of list object at 0xf9345d3bfd80&gt; = [401, 401, 401, 401, 401, 401, ...].count</failure></testcase><testcase classname="backend.tests.test_iteration4_auth.TestRBAC" name="test_engineer_me" time="0.762" /><testcase classname="backend.tests.test_iteration4_auth.TestRBAC" name="test_engineer_can_list_servers" time="0.073" /><testcase classname="backend.tests.test_iteration4_auth.TestRBAC" name="test_engineer_cannot_create_server" time="0.071" /><testcase classname="backend.tests.test_iteration4_auth.TestRBAC" name="test_engineer_cannot_delete_server" time="0.151" /><testcase classname="backend.tests.test_iteration4_auth.TestRBAC" name="test_engineer_cannot_put_settings" time="0.067" /><testcase classname="backend.tests.test_iteration4_auth.TestRBAC" name="test_engineer_cannot_test_email" time="0.116"><failure message="assert 200 == 403&#10; +  where 200 = &lt;Response [200]&gt;.status_code">E   assert 200 == 403
     +  where 200 = &lt;Response [200]&gt;.status_code</failure></testcase><testcase classname="backend.tests.test_iteration4_auth.TestRBAC" name="test_engineer_cannot_seed_reset" time="0.069" /><testcase classname="backend.tests.test_iteration4_auth.TestRBAC" name="test_engineer_cannot_put_ssh" time="0.147" /><testcase classname="backend.tests.test_iteration4_auth.TestRBAC" name="test_engineer_cannot_put_adapter" time="0.142" /><testcase classname="backend.tests.test_iteration4_auth.TestRBAC" name="test_engineer_cannot_list_users" time="0.076" /><testcase classname="backend.tests.test_iteration4_auth.TestRBAC" name="test_engineer_can_reserve_and_unreserve" time="0.219" /><testcase classname="backend.tests.test_iteration4_auth.TestRBAC" name="test_engineer_can_reread" time="0.143" /><testcase classname="backend.tests.test_iteration4_auth.TestUserCRUD" name="test_create_user_bcrypt_and_duplicate" time="0.446" /><testcase classname="backend.tests.test_iteration4_auth.TestUserCRUD" name="test_cannot_demote_last_admin" time="0.145" /><testcase classname="backend.tests.test_iteration4_auth.TestUserCRUD" name="test_cannot_disable_last_admin" time="0.142" /><testcase classname="backend.tests.test_iteration4_auth.TestUserCRUD" name="test_cannot_delete_self" time="0.144" /><testcase classname="backend.tests.test_iteration4_auth.TestUserCRUD" name="test_cannot_delete_last_admin" time="0.222" /><testcase classname="backend.tests.test_new_features" name="test_get_settings_defaults" time="0.188"><error message="failed on setup with &quot;assert 401 == 200&#10; +  where 401 = &lt;Response [401]&gt;.status_code&quot;">E   assert 401 == 200
     +  where 401 = &lt;Response [401]&gt;.status_code</error></testcase><testcase classname="backend.tests.test_new_features" name="test_put_settings_persists" time="0.002"><error message="failed on setup with &quot;assert 401 == 200&#10; +  where 401 = &lt;Response [401]&gt;.status_code&quot;">E   assert 401 == 200
     +  where 401 = &lt;Response [401]&gt;.status_code</error></testcase><testcase classname="backend.tests.test_new_features" name="test_test_email_400_when_no_smtp_host" time="0.000"><error message="failed on setup with &quot;assert 401 == 200&#10; +  where 401 = &lt;Response [401]&gt;.status_code&quot;">E   assert 401 == 200
     +  where 401 = &lt;Response [401]&gt;.status_code</error></testcase><testcase classname="backend.tests.test_new_features" name="test_test_email_400_when_no_recipients" time="0.000"><error message="failed on setup with &quot;assert 401 == 200&#10; +  where 401 = &lt;Response [401]&gt;.status_code&quot;">E   assert 401 == 200
     +  where 401 = &lt;Response [401]&gt;.status_code</error></testcase><testcase classname="backend.tests.test_new_features" name="test_test_email_attempts_and_logs" time="0.000"><error message="failed on setup with &quot;assert 401 == 200&#10; +  where 401 = &lt;Response [401]&gt;.status_code&quot;">E   assert 401 == 200
     +  where 401 = &lt;Response [401]&gt;.status_code</error></testcase><testcase classname="backend.tests.test_new_features" name="test_alerts_sorted_desc" time="0.000"><error message="failed on setup with &quot;assert 401 == 200&#10; +  where 401 = &lt;Response [401]&gt;.status_code&quot;">E   assert 401 == 200
     +  where 401 = &lt;Response [401]&gt;.status_code</error></testcase><testcase classname="backend.tests.test_new_features" name="test_alerts_evaluate_endpoint" time="0.000"><error message="failed on setup with &quot;assert 401 == 200&#10; +  where 401 = &lt;Response [401]&gt;.status_code&quot;">E   assert 401 == 200
     +  where 401 = &lt;Response [401]&gt;.status_code</error></testcase><testcase classname="backend.tests.test_new_features" name="test_checkouts_triggers_alert_evaluation" time="0.000"><error message="failed on setup with &quot;assert 401 == 200&#10; +  where 401 = &lt;Response [401]&gt;.status_code&quot;">E   assert 401 == 200
     +  where 401 = &lt;Response [401]&gt;.status_code</error></testcase><testcase classname="backend.tests.test_new_features" name="test_seed_reset_clears_alert_events" time="0.000"><error message="failed on setup with &quot;assert 401 == 200&#10; +  where 401 = &lt;Response [401]&gt;.status_code&quot;">E   assert 401 == 200
     +  where 401 = &lt;Response [401]&gt;.status_code</error></testcase><testcase classname="backend.tests.test_new_features" name="test_expiry_rows_and_sorting" time="0.000"><error message="failed on setup with &quot;assert 401 == 200&#10; +  where 401 = &lt;Response [401]&gt;.status_code&quot;">E   assert 401 == 200
     +  where 401 = &lt;Response [401]&gt;.status_code</error></testcase><testcase classname="backend.tests.test_new_features" name="test_put_ssh_config_persists" time="0.000"><error message="failed on setup with &quot;assert 401 == 200&#10; +  where 401 = &lt;Response [401]&gt;.status_code&quot;">E   assert 401 == 200
     +  where 401 = &lt;Response [401]&gt;.status_code</error></testcase><testcase classname="backend.tests.test_new_features" name="test_put_adapter_mode" time="0.000"><error message="failed on setup with &quot;assert 401 == 200&#10; +  where 401 = &lt;Response [401]&gt;.status_code&quot;">E   assert 401 == 200
     +  where 401 = &lt;Response [401]&gt;.status_code</error></testcase><testcase classname="backend.tests.test_new_features" name="test_put_adapter_invalid" time="0.000"><error message="failed on setup with &quot;assert 401 == 200&#10; +  where 401 = &lt;Response [401]&gt;.status_code&quot;">E   assert 401 == 200
     +  where 401 = &lt;Response [401]&gt;.status_code</error></testcase><testcase classname="backend.tests.test_new_features" name="test_ssh_test_success" time="0.000"><error message="failed on setup with &quot;assert 401 == 200&#10; +  where 401 = &lt;Response [401]&gt;.status_code&quot;">E   assert 401 == 200
     +  where 401 = &lt;Response [401]&gt;.status_code</error></testcase><testcase classname="backend.tests.test_new_features" name="test_ssh_test_fails_when_missing" time="0.000"><error message="failed on setup with &quot;assert 401 == 200&#10; +  where 401 = &lt;Response [401]&gt;.status_code&quot;">E   assert 401 == 200
     +  where 401 = &lt;Response [401]&gt;.status_code</error></testcase><testcase classname="backend.tests.test_new_features" name="test_reread_records_mode" time="0.000"><error message="failed on setup with &quot;assert 401 == 200&#10; +  where 401 = &lt;Response [401]&gt;.status_code&quot;">E   assert 401 == 200
     +  where 401 = &lt;Response [401]&gt;.status_code</error></testcase></testsuite></testsuites>