<?xml version="1.0" encoding="utf-8"?><testsuites name="pytest tests"><testsuite name="pytest" errors="0" failures="0" skipped="0" tests="16" time="14.674" timestamp="2026-05-23T10:37:44.939365+00:00" hostname="agent-env-139ee09d-acc7-486c-91e4-68f21e4c3102"><testcase classname="backend.tests.test_iteration9.TestBugFixSeedReset" name="test_reset_preserves_servers_clears_history" time="1.024" /><testcase classname="backend.tests.test_iteration9.TestBugFixReread" name="test_reread_command_format" time="0.109" /><testcase classname="backend.tests.test_iteration9.TestBugFixKillCheckout" name="test_kill_command_format" time="0.054" /><testcase classname="backend.tests.test_iteration9.TestBugFixKillCheckout" name="test_kill_rejects_injection" time="0.124" /><testcase classname="backend.tests.test_iteration9.TestBugFixSshAndFetch" name="test_ssh_test_no_decrypt_crash" time="10.063" /><testcase classname="backend.tests.test_iteration9.TestBugFixSshAndFetch" name="test_fetch_license_no_decrypt_crash" time="0.051" /><testcase classname="backend.tests.test_iteration9.TestPriorityRules" name="test_initial_list" time="0.049" /><testcase classname="backend.tests.test_iteration9.TestPriorityRules" name="test_full_crud" time="0.258" /><testcase classname="backend.tests.test_iteration9.TestPriorityRules" name="test_engineer_forbidden" time="0.830" /><testcase classname="backend.tests.test_iteration9.TestPreempt" name="test_plan_structure" time="0.372" /><testcase classname="backend.tests.test_iteration9.TestPreempt" name="test_plan_no_rule_requester" time="0.271" /><testcase classname="backend.tests.test_iteration9.TestPreempt" name="test_run_dry_run" time="0.288" /><testcase classname="backend.tests.test_iteration9.TestPreempt" name="test_run_executes_lmremove" time="0.490" /><testcase classname="backend.tests.test_iteration9.TestPreempt" name="test_who_am_i" time="0.328" /><testcase classname="backend.tests.test_iteration9.TestSgeSettings" name="test_settings_has_sge_fields" time="0.049" /><testcase classname="backend.tests.test_iteration9.TestSgeSettings" name="test_sge_persistence" time="0.201" /></testsuite></testsuites>