<?xml version="1.0" encoding="utf-8"?><testsuites name="pytest tests"><testsuite name="pytest" errors="0" failures="0" skipped="0" tests="19" time="3.074" timestamp="2026-06-23T18:19:00.286122+00:00" hostname="agent-env-139ee09d-acc7-486c-91e4-68f21e4c3102"><testcase classname="backend.tests.test_iteration14.TestFeaturePriorityCRUD" name="test_put_creates_config" time="0.569" /><testcase classname="backend.tests.test_iteration14.TestFeaturePriorityCRUD" name="test_put_is_idempotent" time="0.176" /><testcase classname="backend.tests.test_iteration14.TestFeaturePriorityCRUD" name="test_put_rejects_overlap" time="0.048" /><testcase classname="backend.tests.test_iteration14.TestFeaturePriorityCRUD" name="test_put_unknown_server" time="0.048" /><testcase classname="backend.tests.test_iteration14.TestFeaturePriorityCRUD" name="test_put_unknown_feature" time="0.055" /><testcase classname="backend.tests.test_iteration14.TestFeaturePriorityCRUD" name="test_list_sorted_by_feature" time="0.100" /><testcase classname="backend.tests.test_iteration14.TestFeaturePriorityCRUD" name="test_delete_and_re_delete" time="0.164" /><testcase classname="backend.tests.test_iteration14.TestRoleGating" name="test_engineer_cannot_put" time="0.741" /><testcase classname="backend.tests.test_iteration14.TestRoleGating" name="test_engineer_cannot_delete" time="0.048" /><testcase classname="backend.tests.test_iteration14.TestRoleGating" name="test_engineer_cannot_request" time="0.057" /><testcase classname="backend.tests.test_iteration14.TestRoleGating" name="test_engineer_can_list" time="0.057" /><testcase classname="backend.tests.test_iteration14.TestRequestSeat" name="test_no_priority_config_404" time="0.095" /><testcase classname="backend.tests.test_iteration14.TestRequestSeat" name="test_not_in_hipri_403" time="0.050" /><testcase classname="backend.tests.test_iteration14.TestRequestSeat" name="test_available_seats" time="0.115" /><testcase classname="backend.tests.test_iteration14.TestRequestSeat" name="test_already_holding" time="0.105" /><testcase classname="backend.tests.test_iteration14.TestRequestSeat" name="test_no_victim_when_holders_neutral" time="0.107" /><testcase classname="backend.tests.test_iteration14.TestRequestSeat" name="test_no_victim_when_all_holders_hipri" time="0.110" /><testcase classname="backend.tests.test_iteration14.TestRequestSeat" name="test_preempted_happy_path" time="0.111" /><testcase classname="backend.tests.test_iteration14.TestAutoPreemptOff" name="test_no_auto_preempt_in_recent_logs" time="0.003" /></testsuite></testsuites>