<?xml version="1.0" encoding="utf-8"?><testsuites name="pytest tests"><testsuite name="pytest" errors="0" failures="0" skipped="0" tests="21" time="3.752" timestamp="2026-05-16T14:51:09.321627+00:00" hostname="agent-env-139ee09d-acc7-486c-91e4-68f21e4c3102"><testcase classname="backend.tests.test_iteration7.TestSyncAll" name="test_sync_all_admin_returns_shape" time="0.510" /><testcase classname="backend.tests.test_iteration7.TestSyncAll" name="test_sync_all_engineer_forbidden" time="0.658" /><testcase classname="backend.tests.test_iteration7.TestSyncAll" name="test_sync_all_anonymous_unauthorized" time="0.131" /><testcase classname="backend.tests.test_iteration7.TestRereadAll" name="test_reread_all_admin" time="0.051" /><testcase classname="backend.tests.test_iteration7.TestRereadAll" name="test_reread_all_engineer_forbidden" time="0.051" /><testcase classname="backend.tests.test_iteration7.TestOptionsValidator" name="test_valid_options" time="0.097" /><testcase classname="backend.tests.test_iteration7.TestOptionsValidator" name="test_invalid_directive" time="0.045" /><testcase classname="backend.tests.test_iteration7.TestOptionsValidator" name="test_unknown_target_type_warning" time="0.048" /><testcase classname="backend.tests.test_iteration7.TestCSVExports" name="test_expiry_export_csv" time="0.050" /><testcase classname="backend.tests.test_iteration7.TestCSVExports" name="test_audit_export_csv" time="0.047" /><testcase classname="backend.tests.test_iteration7.TestWebhookSettings" name="test_get_settings_exposes_webhook_fields" time="0.046" /><testcase classname="backend.tests.test_iteration7.TestWebhookSettings" name="test_put_settings_persists_webhook" time="0.143" /><testcase classname="backend.tests.test_iteration7.TestWebhookSettings" name="test_test_webhook_400_when_url_unset" time="0.140" /><testcase classname="backend.tests.test_iteration7.TestWebhookSettings" name="test_test_webhook_invalid_url_returns_200_with_error" time="0.203" /><testcase classname="backend.tests.test_iteration7.TestWebhookSettings" name="test_test_webhook_admin_only" time="0.048" /><testcase classname="backend.tests.test_iteration7.TestAuthRegression" name="test_setup_status_after_admin_exists" time="0.140" /><testcase classname="backend.tests.test_iteration7.TestAuthRegression" name="test_login_sets_both_cookies" time="0.327" /><testcase classname="backend.tests.test_iteration7.TestAuthRegression" name="test_me_endpoint" time="0.059" /><testcase classname="backend.tests.test_iteration7.TestAuthRegression" name="test_logout_clears_cookies" time="0.474" /><testcase classname="backend.tests.test_iteration7.TestSSHRoundTrip" name="test_ssh_password_and_key_round_trip_masked" time="0.240" /><testcase classname="backend.tests.test_iteration7.TestSyncSingleAdapterGuard" name="test_sync_requires_ssh_adapter" time="0.147" /></testsuite></testsuites>