<?xml version="1.0" encoding="utf-8"?><testsuites name="pytest tests"><testsuite name="pytest" errors="0" failures="0" skipped="0" tests="12" time="24.786" timestamp="2026-06-24T11:04:58.333147+00:00" hostname="agent-env-139ee09d-acc7-486c-91e4-68f21e4c3102"><testcase classname="backend.tests.test_iteration15.TestRegressionSmoke" name="test_list_feature_priorities" time="0.416" /><testcase classname="backend.tests.test_iteration15.TestRegressionSmoke" name="test_upsert_and_delete_feature_priority" time="0.183" /><testcase classname="backend.tests.test_iteration15.TestRegressionSmoke" name="test_request_endpoint_responds" time="0.047" /><testcase classname="backend.tests.test_iteration15.TestAutoStatus" name="test_auto_status_shape" time="0.046" /><testcase classname="backend.tests.test_iteration15.TestAutoStatus" name="test_auto_status_reflects_settings_toggle" time="0.636" /><testcase classname="backend.tests.test_iteration15.TestAutoTickOnDemand" name="test_auto_tick_requires_admin" time="0.094" /><testcase classname="backend.tests.test_iteration15.TestAutoTickOnDemand" name="test_auto_tick_returns_summary_shape" time="0.046" /><testcase classname="backend.tests.test_iteration15.TestAutoTickOnDemand" name="test_auto_tick_preempts_oldest_lopri" time="0.735" /><testcase classname="backend.tests.test_iteration15.TestAutoTickOnDemand" name="test_auto_tick_skips_when_hipri_holds_seat" time="0.721" /><testcase classname="backend.tests.test_iteration15.TestAutoTickOnDemand" name="test_auto_tick_only_once_per_feature_per_tick" time="0.725" /><testcase classname="backend.tests.test_iteration15.TestBackgroundDaemon" name="test_background_loop_preempts_when_enabled" time="4.770" /><testcase classname="backend.tests.test_iteration15.TestBackgroundDaemon" name="test_background_loop_noop_when_disabled" time="16.216" /></testsuite></testsuites>