<?xml version="1.0" encoding="utf-8"?><testsuites name="pytest tests"><testsuite name="pytest" errors="0" failures="0" skipped="0" tests="24" time="3.377" timestamp="2026-05-16T15:40:15.767624+00:00" hostname="agent-env-139ee09d-acc7-486c-91e4-68f21e4c3102"><testcase classname="backend.tests.test_iteration8.TestUsageList" name="test_usage_returns_list_after_checkouts" time="0.603" /><testcase classname="backend.tests.test_iteration8.TestUsageList" name="test_date_from_filter" time="0.059" /><testcase classname="backend.tests.test_iteration8.TestUsageList" name="test_date_from_future_returns_empty" time="0.052" /><testcase classname="backend.tests.test_iteration8.TestUsageList" name="test_user_filter" time="0.095" /><testcase classname="backend.tests.test_iteration8.TestUsageList" name="test_feature_filter" time="0.096" /><testcase classname="backend.tests.test_iteration8.TestUsageFacets" name="test_facets_non_empty" time="0.048" /><testcase classname="backend.tests.test_iteration8.TestUsageSummary" name="test_summary_grouping[user]" time="0.051" /><testcase classname="backend.tests.test_iteration8.TestUsageSummary" name="test_summary_grouping[feature]" time="0.048" /><testcase classname="backend.tests.test_iteration8.TestUsageSummary" name="test_summary_grouping[vendor]" time="0.048" /><testcase classname="backend.tests.test_iteration8.TestUsageSummary" name="test_summary_grouping[server_name]" time="0.047" /><testcase classname="backend.tests.test_iteration8.TestUsageExport" name="test_export_csv" time="0.050" /><testcase classname="backend.tests.test_iteration8.TestUsageExport" name="test_export_filter_user" time="0.096" /><testcase classname="backend.tests.test_iteration8.TestKillCheckout" name="test_kill_admin_mock" time="0.169" /><testcase classname="backend.tests.test_iteration8.TestKillCheckout" name="test_kill_requires_admin_403_for_engineer" time="0.704" /><testcase classname="backend.tests.test_iteration8.TestKillCheckout" name="test_kill_invalid_server_404" time="0.047" /><testcase classname="backend.tests.test_iteration8.TestUsageUpsert" name="test_no_duplicates_on_repeated_checkouts" time="0.373" /><testcase classname="backend.tests.test_iteration8.TestIter7Regression" name="test_setup_status_open" time="0.044" /><testcase classname="backend.tests.test_iteration8.TestIter7Regression" name="test_me" time="0.045" /><testcase classname="backend.tests.test_iteration8.TestIter7Regression" name="test_servers_list" time="0.046" /><testcase classname="backend.tests.test_iteration8.TestIter7Regression" name="test_expiry" time="0.047" /><testcase classname="backend.tests.test_iteration8.TestIter7Regression" name="test_expiry_export" time="0.047" /><testcase classname="backend.tests.test_iteration8.TestIter7Regression" name="test_audit_export" time="0.048" /><testcase classname="backend.tests.test_iteration8.TestIter7Regression" name="test_reread_all" time="0.050" /><testcase classname="backend.tests.test_iteration8.TestIter7Regression" name="test_logout" time="0.392" /></testsuite></testsuites>