<?xml version="1.0" encoding="utf-8"?><testsuites name="pytest tests"><testsuite name="pytest" errors="0" failures="3" skipped="0" tests="27" time="7.577" timestamp="2026-05-16T13:16:14.428650+00:00" hostname="agent-env-139ee09d-acc7-486c-91e4-68f21e4c3102"><testcase classname="backend.tests.test_iteration4_auth.TestPublic" name="test_root_is_public" time="0.344" /><testcase classname="backend.tests.test_iteration4_auth.TestPublic" name="test_setup_status_public_and_false" time="0.168" /><testcase classname="backend.tests.test_iteration4_auth.TestPublic" name="test_protected_returns_401_without_auth" time="0.730" /><testcase classname="backend.tests.test_iteration4_auth.TestAuthFlow" name="test_setup_blocked_when_users_exist" time="0.175" /><testcase classname="backend.tests.test_iteration4_auth.TestAuthFlow" name="test_login_invalid_creds" time="0.429" /><testcase classname="backend.tests.test_iteration4_auth.TestAuthFlow" name="test_login_success_sets_cookies" time="0.519" /><testcase classname="backend.tests.test_iteration4_auth.TestAuthFlow" name="test_refresh_extends_access" time="0.231" /><testcase classname="backend.tests.test_iteration4_auth.TestAuthFlow" name="test_refresh_requires_cookie" time="0.166" /><testcase classname="backend.tests.test_iteration4_auth.TestAuthFlow" name="test_logout_clears_cookies" time="0.536" /><testcase classname="backend.tests.test_iteration4_auth.TestAuthFlow" name="test_brute_force_lockout" time="1.048"><failure message="AssertionError: expected lockout, got [401, 401, 401, 401, 401, 401]&#10;assert 0 &gt;= 1&#10; +  where 0 = &lt;built-in method count of list object at 0xfefaca47eec0&gt;(429)&#10; +    where &lt;built-in method count of list object at 0xfefaca47eec0&gt; = [401, 401, 401, 401, 401, 401].count">backend/tests/test_iteration4_auth.py:125: in test_brute_force_lockout
    assert statuses.count(429) &gt;= 1, f"expected lockout, got {statuses}"
E   AssertionError: expected lockout, got [401, 401, 401, 401, 401, 401]
E   assert 0 &gt;= 1
E    +  where 0 = &lt;built-in method count of list object at 0xfefaca47eec0&gt;(429)
E    +    where &lt;built-in method count of list object at 0xfefaca47eec0&gt; = [401, 401, 401, 401, 401, 401].count</failure></testcase><testcase classname="backend.tests.test_iteration4_auth.TestRBAC" name="test_engineer_me" time="0.779"><failure message="AssertionError: assert 'test_eng_6af...3@example.com' == 'TEST_eng_6af...3@example.com'&#10;  &#10;  - TEST_eng_6af9af23@example.com&#10;  ? ^^^^&#10;  + test_eng_6af9af23@example.com&#10;  ? ^^^^">backend/tests/test_iteration4_auth.py:134: in test_engineer_me
    assert r.json()["email"] == engineer_creds["email"]
E   AssertionError: assert 'test_eng_6af...3@example.com' == 'TEST_eng_6af...3@example.com'
E     
E     - TEST_eng_6af9af23@example.com
E     ? ^^^^
E     + test_eng_6af9af23@example.com
E     ? ^^^^</failure></testcase><testcase classname="backend.tests.test_iteration4_auth.TestRBAC" name="test_engineer_can_list_servers" time="0.069" /><testcase classname="backend.tests.test_iteration4_auth.TestRBAC" name="test_engineer_cannot_create_server" time="0.067" /><testcase classname="backend.tests.test_iteration4_auth.TestRBAC" name="test_engineer_cannot_delete_server" time="0.131" /><testcase classname="backend.tests.test_iteration4_auth.TestRBAC" name="test_engineer_cannot_put_settings" time="0.064" /><testcase classname="backend.tests.test_iteration4_auth.TestRBAC" name="test_engineer_cannot_test_email" time="0.117"><failure message="assert 200 == 403&#10; +  where 200 = &lt;Response [200]&gt;.status_code">backend/tests/test_iteration4_auth.py:162: in test_engineer_cannot_test_email
    assert r.status_code == 403
E   assert 200 == 403
E    +  where 200 = &lt;Response [200]&gt;.status_code</failure></testcase><testcase classname="backend.tests.test_iteration4_auth.TestRBAC" name="test_engineer_cannot_seed_reset" time="0.065" /><testcase classname="backend.tests.test_iteration4_auth.TestRBAC" name="test_engineer_cannot_put_ssh" time="0.132" /><testcase classname="backend.tests.test_iteration4_auth.TestRBAC" name="test_engineer_cannot_put_adapter" time="0.131" /><testcase classname="backend.tests.test_iteration4_auth.TestRBAC" name="test_engineer_cannot_list_users" time="0.073" /><testcase classname="backend.tests.test_iteration4_auth.TestRBAC" name="test_engineer_can_reserve_and_unreserve" time="0.207" /><testcase classname="backend.tests.test_iteration4_auth.TestRBAC" name="test_engineer_can_reread" time="0.142" /><testcase classname="backend.tests.test_iteration4_auth.TestUserCRUD" name="test_create_user_bcrypt_and_duplicate" time="0.427" /><testcase classname="backend.tests.test_iteration4_auth.TestUserCRUD" name="test_cannot_demote_last_admin" time="0.132" /><testcase classname="backend.tests.test_iteration4_auth.TestUserCRUD" name="test_cannot_disable_last_admin" time="0.136" /><testcase classname="backend.tests.test_iteration4_auth.TestUserCRUD" name="test_cannot_delete_self" time="0.135" /><testcase classname="backend.tests.test_iteration4_auth.TestUserCRUD" name="test_cannot_delete_last_admin" time="0.203" /></testsuite></testsuites>