<?xml version="1.0" encoding="utf-8"?><testsuites name="pytest tests"><testsuite name="pytest" errors="0" failures="0" skipped="0" tests="27" time="7.417" timestamp="2026-05-16T14:28:11.830210+00:00" hostname="agent-env-139ee09d-acc7-486c-91e4-68f21e4c3102"><testcase classname="backend.tests.test_iteration4_auth.TestPublic" name="test_root_is_public" time="0.163" /><testcase classname="backend.tests.test_iteration4_auth.TestPublic" name="test_setup_status_public_and_false" time="0.114" /><testcase classname="backend.tests.test_iteration4_auth.TestPublic" name="test_protected_returns_401_without_auth" time="0.475" /><testcase classname="backend.tests.test_iteration4_auth.TestAuthFlow" name="test_setup_blocked_when_users_exist" time="0.140" /><testcase classname="backend.tests.test_iteration4_auth.TestAuthFlow" name="test_login_invalid_creds" time="0.327" /><testcase classname="backend.tests.test_iteration4_auth.TestAuthFlow" name="test_login_success_sets_cookies" time="0.403" /><testcase classname="backend.tests.test_iteration4_auth.TestAuthFlow" name="test_refresh_extends_access" time="0.112" /><testcase classname="backend.tests.test_iteration4_auth.TestAuthFlow" name="test_refresh_requires_cookie" time="0.102" /><testcase classname="backend.tests.test_iteration4_auth.TestAuthFlow" name="test_logout_clears_cookies" time="0.443" /><testcase classname="backend.tests.test_iteration4_auth.TestAuthFlow" name="test_brute_force_lockout" time="2.844" /><testcase classname="backend.tests.test_iteration4_auth.TestRBAC" name="test_engineer_me" time="0.664" /><testcase classname="backend.tests.test_iteration4_auth.TestRBAC" name="test_engineer_can_list_servers" time="0.049" /><testcase classname="backend.tests.test_iteration4_auth.TestRBAC" name="test_engineer_cannot_create_server" time="0.047" /><testcase classname="backend.tests.test_iteration4_auth.TestRBAC" name="test_engineer_cannot_delete_server" time="0.093" /><testcase classname="backend.tests.test_iteration4_auth.TestRBAC" name="test_engineer_cannot_put_settings" time="0.046" /><testcase classname="backend.tests.test_iteration4_auth.TestRBAC" name="test_engineer_cannot_test_email" time="0.046" /><testcase classname="backend.tests.test_iteration4_auth.TestRBAC" name="test_engineer_cannot_seed_reset" time="0.046" /><testcase classname="backend.tests.test_iteration4_auth.TestRBAC" name="test_engineer_cannot_put_ssh" time="0.092" /><testcase classname="backend.tests.test_iteration4_auth.TestRBAC" name="test_engineer_cannot_put_adapter" time="0.091" /><testcase classname="backend.tests.test_iteration4_auth.TestRBAC" name="test_engineer_cannot_list_users" time="0.060" /><testcase classname="backend.tests.test_iteration4_auth.TestRBAC" name="test_engineer_can_reserve_and_unreserve" time="0.142" /><testcase classname="backend.tests.test_iteration4_auth.TestRBAC" name="test_engineer_can_reread" time="0.090" /><testcase classname="backend.tests.test_iteration4_auth.TestUserCRUD" name="test_create_user_bcrypt_and_duplicate" time="0.356" /><testcase classname="backend.tests.test_iteration4_auth.TestUserCRUD" name="test_cannot_demote_last_admin" time="0.088" /><testcase classname="backend.tests.test_iteration4_auth.TestUserCRUD" name="test_cannot_disable_last_admin" time="0.087" /><testcase classname="backend.tests.test_iteration4_auth.TestUserCRUD" name="test_cannot_delete_self" time="0.087" /><testcase classname="backend.tests.test_iteration4_auth.TestUserCRUD" name="test_cannot_delete_last_admin" time="0.134" /></testsuite></testsuites>