<?xml version="1.0" encoding="utf-8"?><testsuites name="pytest tests"><testsuite name="pytest" errors="0" failures="0" skipped="0" tests="40" time="16.780" timestamp="2026-05-16T08:23:47.893040+00:00" hostname="agent-env-139ee09d-acc7-486c-91e4-68f21e4c3102"><testcase classname="backend.tests.backend_test" name="test_root" time="0.173" /><testcase classname="backend.tests.backend_test" name="test_list_seed_servers" time="0.047" /><testcase classname="backend.tests.backend_test" name="test_get_server_single" time="0.092" /><testcase classname="backend.tests.backend_test" name="test_get_server_404" time="0.046" /><testcase classname="backend.tests.backend_test" name="test_create_update_delete_server" time="0.226" /><testcase classname="backend.tests.backend_test" name="test_save_license_parses_features" time="0.141" /><testcase classname="backend.tests.backend_test" name="test_save_options" time="0.132" /><testcase classname="backend.tests.backend_test" name="test_reread_restart_toggle" time="0.276" /><testcase classname="backend.tests.backend_test" name="test_checkouts_when_up" time="0.090" /><testcase classname="backend.tests.backend_test" name="test_all_checkouts" time="0.071" /><testcase classname="backend.tests.backend_test" name="test_reservation_crud" time="0.274" /><testcase classname="backend.tests.backend_test" name="test_audit_sorted" time="0.048" /><testcase classname="backend.tests.backend_test" name="test_stats" time="0.047" /><testcase classname="backend.tests.test_iteration3" name="test_create_server_accepts_arbitrary_vendor[xilinx]" time="0.295" /><testcase classname="backend.tests.test_iteration3" name="test_create_server_accepts_arbitrary_vendor[defacto]" time="0.129" /><testcase classname="backend.tests.test_iteration3" name="test_create_server_accepts_arbitrary_vendor[custom-anything]" time="0.132" /><testcase classname="backend.tests.test_iteration3" name="test_create_server_accepts_arbitrary_vendor[altium]" time="0.132" /><testcase classname="backend.tests.test_iteration3" name="test_create_server_accepts_arbitrary_vendor[TEST_vendor_NEW]" time="0.133" /><testcase classname="backend.tests.test_iteration3" name="test_seed_reset_creates_new_hosts" time="0.088" /><testcase classname="backend.tests.test_iteration3" name="test_ssh_test_returns_mocked_flag" time="0.259" /><testcase classname="backend.tests.test_iteration3" name="test_put_adapter_for_custom_vendor" time="0.257" /><testcase classname="backend.tests.test_iteration3" name="test_expiry_includes_custom_vendors" time="0.211" /><testcase classname="backend.tests.test_iteration3" name="test_checkouts_endpoint_works_with_seeded_vendors" time="0.140" /><testcase classname="backend.tests.test_iteration3" name="test_paramiko_path_does_not_500" time="10.236" /><testcase classname="backend.tests.test_new_features" name="test_get_settings_defaults" time="0.226" /><testcase classname="backend.tests.test_new_features" name="test_put_settings_persists" time="0.097" /><testcase classname="backend.tests.test_new_features" name="test_test_email_400_when_no_smtp_host" time="0.523" /><testcase classname="backend.tests.test_new_features" name="test_test_email_400_when_no_recipients" time="0.096" /><testcase classname="backend.tests.test_new_features" name="test_test_email_attempts_and_logs" time="0.165" /><testcase classname="backend.tests.test_new_features" name="test_alerts_sorted_desc" time="0.047" /><testcase classname="backend.tests.test_new_features" name="test_alerts_evaluate_endpoint" time="0.209" /><testcase classname="backend.tests.test_new_features" name="test_checkouts_triggers_alert_evaluation" time="0.172" /><testcase classname="backend.tests.test_new_features" name="test_seed_reset_clears_alert_events" time="0.196" /><testcase classname="backend.tests.test_new_features" name="test_expiry_rows_and_sorting" time="0.046" /><testcase classname="backend.tests.test_new_features" name="test_put_ssh_config_persists" time="0.154" /><testcase classname="backend.tests.test_new_features" name="test_put_adapter_mode" time="0.202" /><testcase classname="backend.tests.test_new_features" name="test_put_adapter_invalid" time="0.092" /><testcase classname="backend.tests.test_new_features" name="test_ssh_test_success" time="0.150" /><testcase classname="backend.tests.test_new_features" name="test_ssh_test_fails_when_missing" time="0.175" /><testcase classname="backend.tests.test_new_features" name="test_reread_records_mode" time="0.456" /></testsuite></testsuites>