<?xml version="1.0" encoding="utf-8"?><testsuites name="pytest tests"><testsuite name="pytest" errors="0" failures="0" skipped="0" tests="18" time="12.498" timestamp="2026-05-16T14:27:54.306287+00:00" hostname="agent-env-139ee09d-acc7-486c-91e4-68f21e4c3102"><testcase classname="backend.tests.test_iteration6" name="test_health_public_no_auth" time="0.259" /><testcase classname="backend.tests.test_iteration6" name="test_ready_public_db_ping" time="0.142" /><testcase classname="backend.tests.test_iteration6" name="test_login_set_cookie_secure_flag" time="0.370" /><testcase classname="backend.tests.test_iteration6" name="test_list_servers_ssh_redacted" time="0.420" /><testcase classname="backend.tests.test_iteration6" name="test_ssh_password_encrypted_at_rest" time="0.122" /><testcase classname="backend.tests.test_iteration6" name="test_ssh_masked_password_preserves" time="0.107" /><testcase classname="backend.tests.test_iteration6" name="test_ssh_empty_password_preserves" time="0.102" /><testcase classname="backend.tests.test_iteration6" name="test_ssh_test_endpoint_decrypts_path" time="10.062" /><testcase classname="backend.tests.test_iteration6" name="test_settings_smtp_redacted" time="0.053" /><testcase classname="backend.tests.test_iteration6" name="test_settings_smtp_encrypted_at_rest" time="0.052" /><testcase classname="backend.tests.test_iteration6" name="test_settings_smtp_masked_preserves" time="0.058" /><testcase classname="backend.tests.test_iteration6" name="test_audit_no_ts_field" time="0.052" /><testcase classname="backend.tests.test_iteration6" name="test_mongo_indexes_present" time="0.005" /><testcase classname="backend.tests.test_iteration6" name="test_setup_status_public" time="0.130" /><testcase classname="backend.tests.test_iteration6" name="test_servers_requires_auth" time="0.159" /><testcase classname="backend.tests.test_iteration6" name="test_auth_me" time="0.053" /><testcase classname="backend.tests.test_iteration6" name="test_stats_endpoint" time="0.050" /><testcase classname="backend.tests.test_iteration6" name="test_test_email_requires_admin" time="0.094" /></testsuite></testsuites>