<?xml version="1.0" encoding="utf-8"?><testsuites name="pytest tests"><testsuite name="pytest" errors="0" failures="0" skipped="0" tests="16" time="3.039" timestamp="2026-05-16T07:56:40.136779+00:00" hostname="agent-env-139ee09d-acc7-486c-91e4-68f21e4c3102"><testcase classname="backend.tests.test_new_features" name="test_get_settings_defaults" time="0.361" /><testcase classname="backend.tests.test_new_features" name="test_put_settings_persists" time="0.103" /><testcase classname="backend.tests.test_new_features" name="test_test_email_400_when_no_smtp_host" time="0.111" /><testcase classname="backend.tests.test_new_features" name="test_test_email_400_when_no_recipients" time="0.103" /><testcase classname="backend.tests.test_new_features" name="test_test_email_attempts_and_logs" time="0.203" /><testcase classname="backend.tests.test_new_features" name="test_alerts_sorted_desc" time="0.049" /><testcase classname="backend.tests.test_new_features" name="test_alerts_evaluate_endpoint" time="0.371" /><testcase classname="backend.tests.test_new_features" name="test_checkouts_triggers_alert_evaluation" time="0.164" /><testcase classname="backend.tests.test_new_features" name="test_seed_reset_clears_alert_events" time="0.214" /><testcase classname="backend.tests.test_new_features" name="test_expiry_rows_and_sorting" time="0.074" /><testcase classname="backend.tests.test_new_features" name="test_put_ssh_config_persists" time="0.165" /><testcase classname="backend.tests.test_new_features" name="test_put_adapter_mode" time="0.211" /><testcase classname="backend.tests.test_new_features" name="test_put_adapter_invalid" time="0.104" /><testcase classname="backend.tests.test_new_features" name="test_ssh_test_success" time="0.154" /><testcase classname="backend.tests.test_new_features" name="test_ssh_test_fails_when_missing" time="0.148" /><testcase classname="backend.tests.test_new_features" name="test_reread_records_mode" time="0.413" /></testsuite></testsuites>