<?xml version="1.0" encoding="utf-8"?><testsuites name="pytest tests"><testsuite name="pytest" errors="0" failures="0" skipped="0" tests="13" time="1.938" timestamp="2026-05-16T07:27:09.504673+00:00" hostname="agent-env-139ee09d-acc7-486c-91e4-68f21e4c3102"><testcase classname="backend.tests.backend_test" name="test_root" time="0.299" /><testcase classname="backend.tests.backend_test" name="test_list_seed_servers" time="0.045" /><testcase classname="backend.tests.backend_test" name="test_get_server_single" time="0.088" /><testcase classname="backend.tests.backend_test" name="test_get_server_404" time="0.045" /><testcase classname="backend.tests.backend_test" name="test_create_update_delete_server" time="0.239" /><testcase classname="backend.tests.backend_test" name="test_save_license_parses_features" time="0.136" /><testcase classname="backend.tests.backend_test" name="test_save_options" time="0.135" /><testcase classname="backend.tests.backend_test" name="test_reread_restart_toggle" time="0.270" /><testcase classname="backend.tests.backend_test" name="test_checkouts_when_up" time="0.093" /><testcase classname="backend.tests.backend_test" name="test_all_checkouts" time="0.047" /><testcase classname="backend.tests.backend_test" name="test_reservation_crud" time="0.279" /><testcase classname="backend.tests.backend_test" name="test_audit_sorted" time="0.046" /><testcase classname="backend.tests.backend_test" name="test_stats" time="0.045" /></testsuite></testsuites>